<?xml version="1.0" encoding="UTF-8"?>
<!-- Generated by org.testng.reporters.JUnitXMLReporter -->
<testsuite ignored="1" hostname="DESKTOP-2L7QON7" failures="0" tests="1" name="Default test" time="0.135" errors="0" timestamp="2023-12-01T22:59:33 IST">
  <testcase classname="com.testng.demo.TestNgDemo" name="secondTestCase" time="0.013"/>
  <testcase classname="com.testng.demo.TestNgDemo" name="firstTestCase" time="0.0">
    <ignored/>
  </testcase> <!-- firstTestCase -->
</testsuite> <!-- Default test -->
