<?xml version="1.0" encoding="UTF-8"?>
<!-- Generated by org.testng.reporters.JUnitXMLReporter -->
<testsuite ignored="2" hostname="DESKTOP-2L7QON7" failures="0" tests="3" name="AppLaunchtests" time="73.671" errors="0" timestamp="2023-12-08T22:18:20 IST">
  <testcase classname="com.app.tests.AppTests" name="verifySignup" time="14.853"/>
  <testcase classname="com.app.tests.AppTests" name="verifySignup" time="16.129"/>
  <testcase classname="com.app.tests.AppTests" name="verifySignup" time="15.279"/>
  <testcase classname="com.app.tests.AppTests" name="verifyHomePage" time="0.0">
    <ignored/>
  </testcase> <!-- verifyHomePage -->
  <testcase classname="com.app.tests.AppTests" name="verifyLoggedInUsername" time="0.0">
    <ignored/>
  </testcase> <!-- verifyLoggedInUsername -->
</testsuite> <!-- AppLaunchtests -->
