<?xml version="1.0" encoding="UTF-8"?>
<!-- Generated by org.testng.reporters.JUnitXMLReporter -->
<testsuite ignored="0" hostname="DESKTOP-2L7QON7" failures="0" tests="4" name="Apptests" time="33.863" errors="0" timestamp="2023-12-05T22:25:06 IST">
  <testcase classname="com.testng.demo.TestNgDemo1" name="verifyApplaunchInEdge1" time="29.662"/>
  <testcase classname="com.testng.demo.TestNgDemo1" name="verifyApplaunchInChrome1" time="33.192"/>
  <testcase classname="com.testng.demo.TestNgDemo2" name="verifyApplaunchInChrome2" time="33.206"/>
  <testcase classname="com.testng.demo.TestNgDemo2" name="verifyApplaunchInEdge2" time="33.546"/>
</testsuite> <!-- Apptests -->
