<?xml version="1.0" encoding="UTF-8"?>
<!-- Generated by org.testng.reporters.JUnitXMLReporter -->
<testsuite ignored="3" hostname="DESKTOP-2L7QON7" failures="0" tests="1" name="Apptests" time="8.931" errors="0" timestamp="2023-12-04T22:55:18 IST">
  <testcase classname="com.testng.demo.TestNgDemo1" name="verifyApplaunchInEdge1" time="8.834"/>
  <testcase classname="com.testng.demo.TestNgDemo2" name="verifyApplaunchInEdge2" time="0.0">
    <ignored/>
  </testcase> <!-- verifyApplaunchInEdge2 -->
  <testcase classname="com.testng.demo.TestNgDemo1" name="verifyApplaunchInChrome1" time="0.0">
    <ignored/>
  </testcase> <!-- verifyApplaunchInChrome1 -->
  <testcase classname="com.testng.demo.TestNgDemo2" name="verifyApplaunchInChrome2" time="0.0">
    <ignored/>
  </testcase> <!-- verifyApplaunchInChrome2 -->
</testsuite> <!-- Apptests -->
