<?xml version="1.0" encoding="UTF-8"?>
<testng-results ignored="1" total="2" passed="1" failed="0" skipped="0">
  <reporter-output>
  </reporter-output>
  <suite started-at="2023-12-01T22:59:33 IST" name="Default suite" finished-at="2023-12-01T22:59:33 IST" duration-ms="135">
    <groups>
    </groups>
    <test started-at="2023-12-01T22:59:33 IST" name="Default test" finished-at="2023-12-01T22:59:33 IST" duration-ms="135">
      <class name="com.testng.demo.TestNgDemo">
        <test-method signature="secondTestCase()[pri:0, instance:com.testng.demo.TestNgDemo@5b247367]" started-at="2023-12-01T22:59:33 IST" name="secondTestCase" finished-at="2023-12-01T22:59:33 IST" duration-ms="13" status="PASS">
          <reporter-output>
          </reporter-output>
        </test-method> <!-- secondTestCase -->
      </class> <!-- com.testng.demo.TestNgDemo -->
    </test> <!-- Default test -->
  </suite> <!-- Default suite -->
</testng-results>
