<?xml version="1.0" encoding="UTF-8"?>
<testng-results ignored="2" total="5" passed="3" failed="0" skipped="0">
  <reporter-output>
  </reporter-output>
  <suite started-at="2023-12-08T22:17:06 IST" name="DemoSuite" finished-at="2023-12-08T22:18:20 IST" duration-ms="73671">
    <groups>
    </groups>
    <test started-at="2023-12-08T22:17:06 IST" name="AppLaunchtests" finished-at="2023-12-08T22:18:20 IST" duration-ms="73671">
      <class name="com.app.tests.AppTests">
        <test-method is-config="true" signature="setup()[pri:0, instance:com.app.tests.AppTests@496bc455]" started-at="2023-12-08T22:17:06 IST" name="setup" finished-at="2023-12-08T22:17:15 IST" duration-ms="8777" status="PASS">
          <reporter-output>
          </reporter-output>
        </test-method> <!-- setup -->
        <test-method signature="verifySignup()[pri:0, instance:com.app.tests.AppTests@496bc455]" started-at="2023-12-08T22:17:15 IST" name="verifySignup" finished-at="2023-12-08T22:17:30 IST" duration-ms="14853" status="PASS">
          <reporter-output>
          </reporter-output>
        </test-method> <!-- verifySignup -->
        <test-method is-config="true" signature="tearDown()[pri:0, instance:com.app.tests.AppTests@496bc455]" started-at="2023-12-08T22:17:30 IST" name="tearDown" finished-at="2023-12-08T22:17:31 IST" duration-ms="1144" status="PASS">
          <reporter-output>
          </reporter-output>
        </test-method> <!-- tearDown -->
        <test-method is-config="true" signature="setup()[pri:0, instance:com.app.tests.AppTests@496bc455]" started-at="2023-12-08T22:17:31 IST" name="setup" finished-at="2023-12-08T22:17:38 IST" duration-ms="7159" status="PASS">
          <reporter-output>
          </reporter-output>
        </test-method> <!-- setup -->
        <test-method signature="verifySignup()[pri:0, instance:com.app.tests.AppTests@496bc455]" started-at="2023-12-08T22:17:38 IST" name="verifySignup" finished-at="2023-12-08T22:17:54 IST" duration-ms="16129" status="PASS">
          <reporter-output>
          </reporter-output>
        </test-method> <!-- verifySignup -->
        <test-method is-config="true" signature="tearDown()[pri:0, instance:com.app.tests.AppTests@496bc455]" started-at="2023-12-08T22:17:54 IST" name="tearDown" finished-at="2023-12-08T22:17:55 IST" duration-ms="1350" status="PASS">
          <reporter-output>
          </reporter-output>
        </test-method> <!-- tearDown -->
        <test-method is-config="true" signature="setup()[pri:0, instance:com.app.tests.AppTests@496bc455]" started-at="2023-12-08T22:17:55 IST" name="setup" finished-at="2023-12-08T22:18:03 IST" duration-ms="7757" status="PASS">
          <reporter-output>
          </reporter-output>
        </test-method> <!-- setup -->
        <test-method signature="verifySignup()[pri:0, instance:com.app.tests.AppTests@496bc455]" started-at="2023-12-08T22:18:03 IST" name="verifySignup" finished-at="2023-12-08T22:18:18 IST" duration-ms="15279" status="PASS">
          <reporter-output>
          </reporter-output>
        </test-method> <!-- verifySignup -->
        <test-method is-config="true" signature="tearDown()[pri:0, instance:com.app.tests.AppTests@496bc455]" started-at="2023-12-08T22:18:18 IST" name="tearDown" finished-at="2023-12-08T22:18:20 IST" duration-ms="1135" status="PASS">
          <reporter-output>
          </reporter-output>
        </test-method> <!-- tearDown -->
      </class> <!-- com.app.tests.AppTests -->
    </test> <!-- AppLaunchtests -->
  </suite> <!-- DemoSuite -->
</testng-results>
